2021/06/10 18:59:50 INFO  - jmeter.util.JMeterUtils: Setting Locale to pl_PL 
2021/06/10 18:59:50 INFO  - jmeter.util.JMeterUtils: Could not find resources for 'pl_PL', using 'pl' 
2021/06/10 18:59:50 INFO  - jmeter.JMeter: Loading user properties from: /usr/share/jmeter/bin/user.properties 
2021/06/10 18:59:50 INFO  - jmeter.JMeter: Loading system properties from: /usr/share/jmeter/bin/system.properties 
2021/06/10 18:59:50 INFO  - jmeter.JMeter: Copyright (c) 1998-2015 The Apache Software Foundation 
2021/06/10 18:59:50 INFO  - jmeter.JMeter: Version 2.13.20180731 
2021/06/10 18:59:50 INFO  - jmeter.JMeter: java.version=16.0.1 
2021/06/10 18:59:50 INFO  - jmeter.JMeter: java.vm.name=OpenJDK 64-Bit Server VM 
2021/06/10 18:59:50 INFO  - jmeter.JMeter: os.name=Linux 
2021/06/10 18:59:50 INFO  - jmeter.JMeter: os.arch=amd64 
2021/06/10 18:59:50 INFO  - jmeter.JMeter: os.version=5.8.0-55-generic 
2021/06/10 18:59:50 INFO  - jmeter.JMeter: file.encoding=UTF-8 
2021/06/10 18:59:50 INFO  - jmeter.JMeter: Default Locale=polski (Polska) 
2021/06/10 18:59:50 INFO  - jmeter.JMeter: JMeter  Locale=polski (Polska) 
2021/06/10 18:59:50 INFO  - jmeter.JMeter: JMeterHome=/usr/share/jmeter 
2021/06/10 18:59:50 INFO  - jmeter.JMeter: user.dir  =/home/filip/Pulpit/STUDIA/Bazy_Danych_Pulpit/PythonDockerGalera 
2021/06/10 18:59:50 INFO  - jmeter.JMeter: PWD       =/home/filip/Pulpit/STUDIA/Bazy_Danych_Pulpit/PythonDockerGalera 
2021/06/10 18:59:50 INFO  - jmeter.JMeter: IP: 127.0.1.1 Name: filip-ubuntu FullName: filip-ubuntu 
2021/06/10 18:59:50 FATAL - jmeter.JMeter: An error occurred:  java.lang.UnsatisfiedLinkError: Can't load library: /usr/lib/jvm/java-16-openjdk-amd64/lib/libawt_xawt.so
	at java.base/java.lang.ClassLoader.loadLibrary(ClassLoader.java:2387)
	at java.base/java.lang.Runtime.load0(Runtime.java:746)
	at java.base/java.lang.System.load(System.java:1857)
	at java.base/jdk.internal.loader.NativeLibraries.load(Native Method)
	at java.base/jdk.internal.loader.NativeLibraries$NativeLibraryImpl.open(NativeLibraries.java:383)
	at java.base/jdk.internal.loader.NativeLibraries.loadLibrary(NativeLibraries.java:227)
	at java.base/jdk.internal.loader.NativeLibraries.loadLibrary(NativeLibraries.java:169)
	at java.base/jdk.internal.loader.NativeLibraries.findFromPaths(NativeLibraries.java:310)
	at java.base/jdk.internal.loader.NativeLibraries.loadLibrary(NativeLibraries.java:280)
	at java.base/java.lang.ClassLoader.loadLibrary(ClassLoader.java:2392)
	at java.base/java.lang.Runtime.loadLibrary0(Runtime.java:808)
	at java.base/java.lang.System.loadLibrary(System.java:1893)
	at java.desktop/java.awt.Toolkit$2.run(Toolkit.java:1389)
	at java.desktop/java.awt.Toolkit$2.run(Toolkit.java:1387)
	at java.base/java.security.AccessController.doPrivileged(AccessController.java:312)
	at java.desktop/java.awt.Toolkit.loadLibraries(Toolkit.java:1386)
	at java.desktop/java.awt.Toolkit.<clinit>(Toolkit.java:1419)
	at java.desktop/java.awt.Component.<clinit>(Component.java:622)
	at org.apache.jmeter.gui.action.LookAndFeelCommand.<clinit>(LookAndFeelCommand.java:57)
	at org.apache.jmeter.JMeter.startGui(JMeter.java:228)
	at org.apache.jmeter.JMeter.start(JMeter.java:387)
	at java.base/jdk.internal.reflect.NativeMethodAccessorImpl.invoke0(Native Method)
	at java.base/jdk.internal.reflect.NativeMethodAccessorImpl.invoke(NativeMethodAccessorImpl.java:78)
	at java.base/jdk.internal.reflect.DelegatingMethodAccessorImpl.invoke(DelegatingMethodAccessorImpl.java:43)
	at java.base/java.lang.reflect.Method.invoke(Method.java:567)
	at org.apache.jmeter.NewDriver.main(NewDriver.java:264)

